C51 COMPILER V9.01   DELAY                                                                 02/08/2021 14:10:08 PAGE 1   


C51 COMPILER V9.01, COMPILATION OF MODULE DELAY
OBJECT MODULE PLACED IN .\Output\Delay.obj
COMPILER INVOKED BY: D:\Program Files\C51\BIN\C51.EXE ..\Common\Delay.c BROWSE INCDIR(..\Include) DEFINE(FOSC_160000) DE
                    -BUG OBJECTEXTEND PRINT(.\List\Delay.lst) OBJECT(.\Output\Delay.obj)

line level    source

   1          /*--------------------------------------------------------------------------------------------------------
             --*/
   2          /*                                                                                                        
             - */
   3          /* Copyright(c) 2016 Nuvoton Technology Corp. All rights reserved.                                        
             - */
   4          /*                                                                                                        
             - */
   5          /*--------------------------------------------------------------------------------------------------------
             --*/
   6          
   7          //********************************************************************************************************
             -***
   8          //  Nuvoton Technoledge Corp.
   9          //  Website: http://www.nuvoton.com
  10          //  E-Mail : MicroC-8bit@nuvoton.com
  11          //  Date   : Apr/21/2016
  12          //********************************************************************************************************
             -***
  13          
  14          #include "N76E003.h"
  15          #include "Common.h"
  16          #include "Delay.h"
  17          #include "SFR_Macro.h"
  18          #include "Function_define.h"
  19          bit BIT_TMP;
  20          
  21          //-------------------------------------------------------------------------
  22          void Timer0_Delay100us(UINT32 u32CNT)
  23          {
  24   1          clr_T0M;      //T0M=0, Timer0 Clock = Fsys/12
  25   1          TMOD |= 0x01; //Timer0 is 16-bit mode
  26   1          set_TR0;      //Start Timer0
  27   1          while (u32CNT != 0)
  28   1          {
  29   2              TL0 = LOBYTE(TIMER_DIV12_VALUE_100us); //Find  define in "Function_define.h" "TIMER VALUE"
  30   2              TH0 = HIBYTE(TIMER_DIV12_VALUE_100us);
  31   2              while (TF0 != 1)
  32   2                  ; //Check Timer0 Time-Out Flag
  33   2              clr_TF0;
  34   2              u32CNT--;
  35   2          }
  36   1          clr_TR0; //Stop Timer0
  37   1      }
  38          //------------------------------------------------------------------------------
  39          void Timer0_Delay1ms(UINT32 u32CNT)
  40          {
  41   1          clr_T0M;      //T0M=0, Timer0 Clock = Fsys/12
  42   1          TMOD |= 0x01; //Timer0 is 16-bit mode
  43   1          set_TR0;      //Start Timer0
  44   1          while (u32CNT != 0)
  45   1          {
  46   2              TL0 = LOBYTE(TIMER_DIV12_VALUE_1ms); //Find  define in "Function_define.h" "TIMER VALUE"
  47   2              TH0 = HIBYTE(TIMER_DIV12_VALUE_1ms);
C51 COMPILER V9.01   DELAY                                                                 02/08/2021 14:10:08 PAGE 2   

  48   2              while (TF0 != 1)
  49   2                  ; //Check Timer0 Time-Out Flag
  50   2              clr_TF0;
  51   2              u32CNT--;
  52   2          }
  53   1          clr_TR0; //Stop Timer0
  54   1      }
  55          
  56          //------------------------------------------------------------------------------
  57          void Timer1_Delay10ms(UINT32 u32CNT)
  58          {
  59   1          clr_T1M;      //T1M=0, Timer1 Clock = Fsys/12
  60   1          TMOD |= 0x10; //Timer1 is 16-bit mode
  61   1          set_TR1;      //Start Timer1
  62   1          while (u32CNT != 0)
  63   1          {
  64   2              TL1 = LOBYTE(TIMER_DIV12_VALUE_10ms); //Find  define in "Function_define.h" "TIMER VALUE"
  65   2              TH1 = HIBYTE(TIMER_DIV12_VALUE_10ms);
  66   2              while (TF1 != 1)
  67   2                  ; //Check Timer1 Time-Out Flag
  68   2              clr_TF1;
  69   2              u32CNT--;
  70   2          }
  71   1          clr_TR1; //Stop Timer1
  72   1      }
  73          //------------------------------------------------------------------------------
  74          void Timer2_Delay500us(UINT32 u32CNT)
  75          {
  76   1          clr_T2DIV2; //Timer2 Clock = Fsys/4
  77   1          clr_T2DIV1;
  78   1          set_T2DIV0;
  79   1          set_TR2; //Start Timer2
  80   1          while (u32CNT != 0)
  81   1          {
  82   2              TL2 = LOBYTE(TIMER_DIV4_VALUE_500us); //Find  define in "Function_define.h" "TIMER VALUE"
  83   2              TH2 = HIBYTE(TIMER_DIV4_VALUE_500us);
  84   2              while (TF2 != 1)
  85   2                  ; //Check Timer2 Time-Out Flag
  86   2              clr_TF2;
  87   2              u32CNT--;
  88   2          }
  89   1          clr_TR2; //Stop Timer2
  90   1      }
  91          //------------------------------------------------------------------------------
  92          void Timer3_Delay100ms(UINT32 u32CNT)
  93          {
  94   1          T3CON = 0x07; //Timer3 Clock = Fsys/128
  95   1          set_TR3;      //Trigger Timer3
  96   1          while (u32CNT != 0)
  97   1          {
  98   2              RL3 = LOBYTE(TIMER_DIV128_VALUE_100ms); //Find  define in "Function_define.h" "TIMER VALUE"
  99   2              RH3 = HIBYTE(TIMER_DIV128_VALUE_100ms);
 100   2              while ((T3CON & SET_BIT4) != SET_BIT4)
 101   2                  ; //Check Timer3 Time-Out Flag
 102   2              clr_TF3;
 103   2              u32CNT--;
 104   2          }
 105   1          clr_TR3; //Stop Timer3
 106   1      }
 107          //------------------------------------------------------------------------------
 108          
 109          
C51 COMPILER V9.01   DELAY                                                                 02/08/2021 14:10:08 PAGE 3   

 110          
 111          void Timer3_Delay10us(UINT32 u32CNT)
 112          {
 113   1          T3CON = 0x03; //Timer3 Clock = Fsys/8
 114   1          set_TR3;      //Trigger Timer3
 115   1          while (u32CNT != 0)
 116   1          {
 117   2              RL3 = LOBYTE(TIMER_DIV8_VALUE_10us); //Find  define in "Function_define.h" "TIMER VALUE"
 118   2              RH3 = HIBYTE(TIMER_DIV8_VALUE_10us);
 119   2              while ((T3CON & SET_BIT4) != SET_BIT4)
 120   2                  ; //Check Timer3 Time-Out Flag
 121   2              clr_TF3;
 122   2              u32CNT--;
 123   2          }
 124   1          clr_TR3; //Stop Timer3
 125   1      }
 126          
 127          
 128          void Timer3_Delay1ms(UINT32 u32CNT)
 129          {
 130   1          T3CON = 0x04; //Timer3 Clock = Fsys/16
 131   1          set_TR3;      //Trigger Timer3
 132   1          while (u32CNT != 0)
 133   1          {
 134   2              RL3 = LOBYTE(TIMER_DIV16_VALUE_1ms); //Find  define in "Function_define.h" "TIMER VALUE"
 135   2              RH3 = HIBYTE(TIMER_DIV16_VALUE_1ms);
 136   2              while ((T3CON & SET_BIT4) != SET_BIT4)
 137   2                  ; //Check Timer3 Time-Out Flag
 138   2              clr_TF3;
 139   2              u32CNT--;
 140   2          }
 141   1          clr_TR3; //Stop Timer3
 142   1      }


MODULE INFORMATION:   STATIC OVERLAYABLE
   CODE SIZE        =    534    ----
   CONSTANT SIZE    =   ----    ----
   XDATA SIZE       =   ----    ----
   PDATA SIZE       =   ----    ----
   DATA SIZE        =   ----      28
   IDATA SIZE       =   ----    ----
   BIT SIZE         =      1    ----
END OF MODULE INFORMATION.


C51 COMPILATION COMPLETE.  0 WARNING(S),  0 ERROR(S)
